<?xml version="1.0" encoding="UTF-8"?>
<!-- Generated by org.testng.reporters.JUnitReportReporter -->
<testsuite hostname="TUFLaptop-Beaver" failures="0" tests="1" name="SeleniumTest" time="0.091" errors="0" timestamp="2024-06-21T23:58:31 SGT" skipped="0">
  <testcase classname="SeleniumTest" name="loginTest" time="0.091"/>
</testsuite> <!-- SeleniumTest -->
